INFO    | Android emulator version 32.1.11.0 (build_id 9536276) (CL:N/A)
INFO    | Found systemPath /Users/son.vu/Library/Android/sdk/system-images/android-31/default/arm64-v8a/
WARNING | Please update the emulator to one that supports the feature(s): Vulkan
WARNING | cannot add library /Users/son.vu/Library/Android/sdk/emulator/qemu/darwin-aarch64/lib64/vulkan/libvulkan.dylib: failed
INFO    | Storing crashdata in: /tmp/android-son.vu/emu-crash.db, detection is enabled
INFO    | Duplicate loglines will be removed, if you wish to see each indiviudal line launch with the -log-nofilter flag.
VERBOSE | autoconfig: -skin pixel_xl_silver
VERBOSE | autoconfig: -skindir /Users/son.vu/Library/Android/sdk/skins/
VERBOSE | autoconfig: -kernel /Users/son.vu/Library/Android/sdk/system-images/android-31/default/arm64-v8a//kernel-ranchu
VERBOSE | Target arch = 'arm64'
VERBOSE | Auto-detect: Kernel image requires new device naming scheme.
VERBOSE | Auto-detect: Kernel does not support YAFFS2 partitions.
VERBOSE | autoconfig: -ramdisk /Users/son.vu/Library/Android/sdk/system-images/android-31/default/arm64-v8a//ramdisk.img
VERBOSE | Using initial system image: /Users/son.vu/Library/Android/sdk/system-images/android-31/default/arm64-v8a//system.img
VERBOSE | Using initial vendor image: /Users/son.vu/Library/Android/sdk/system-images/android-31/default/arm64-v8a//vendor.img
VERBOSE | autoconfig: -data /Users/son.vu/.android/avd/Pixel_XL.avd/userdata-qemu.img
VERBOSE | autoconfig: -initdata /Users/son.vu/.android/avd/Pixel_XL.avd/userdata.img
VERBOSE | autoconfig: -cache /Users/son.vu/.android/avd/Pixel_XL.avd/cache.img
VERBOSE | INFO: ignore sdcard for arm at api level >= 30
VERBOSE | Increasing RAM size to 2048MB
VERBOSE | VM heap size 384MB is below hardware specified minimum of 512MB,setting it to that value
VERBOSE | System image is read only
VERBOSE | Found 1 DNS servers:
VERBOSE | 	192.168.1.1
VERBOSE | trying to load skin file '/Users/son.vu/Library/Android/sdk/skins//pixel_xl_silver/layout'
VERBOSE | Requested console port 16076: Inferring adb port 16077.
VERBOSE | CPU Acceleration: working
VERBOSE | CPU Acceleration status: Hypervisor.Framework OS X Version 13.4
VERBOSE | handleCpuAcceleration: feature check for hvf
VERBOSE | Bluetooth requested by guest
VERBOSE | started modem simulator host server at port: 51670
INFO    | Warning: QMetaObject::connectSlotsByName: No matching signal for on_new_posture_requested(int) ((null):0, (null))
INFO    | Warning: QMetaObject::connectSlotsByName: No matching signal for on_dismiss_posture_selection_dialog() ((null):0, (null))
INFO    | Warning: QMetaObject::connectSlotsByName: No matching signal for on_new_resizable_requested(PresetEmulatorSizeType) ((null):0, (null))
INFO    | Warning: QMetaObject::connectSlotsByName: No matching signal for on_dismiss_resizable_dialog() ((null):0, (null))
VERBOSE | GPU emulation enabled using 'host' mode
VERBOSE | Initializing hardware OpenGLES emulation support
VERBOSE | create display 0
VERBOSE | setDisplayPose 0 x 0 y 0 w 1440 h 2560 dpi 0
VERBOSE | In test environment or ICD set to swiftshader, using Swiftshader ICD libvk_swiftshader.dylib
VERBOSE | Swiftshader library doesn't exist, trying launcher path
VERBOSE | Swiftshader library found in launcher path
VERBOSE | setIcdPath: path doesn't exist: /Users/son.vu/Library/Android/sdk/emulator/qemu/darwin-aarch64/lib64/vulkan/vk_swiftshader_icd.json:/Users/son.vu/Library/Android/sdk/emulator/lib64/vulkan/vk_swiftshader_icd.json
VERBOSE | Not in test environment. Using loader: /Users/son.vu/Library/Android/sdk/emulator/qemu/darwin-aarch64/lib64/vulkan/libvulkan.dylib
VERBOSE | Not in test environment. Using loader: /Users/son.vu/Library/Android/sdk/emulator/lib64/vulkan/libvulkan.dylib
INFO    | added library /Users/son.vu/Library/Android/sdk/emulator/lib64/vulkan/libvulkan.dylib
VERBOSE | has extension: VK_KHR_device_group_creation
VERBOSE | has extension: VK_KHR_external_fence_capabilities
VERBOSE | has extension: VK_KHR_external_memory_capabilities
VERBOSE | has extension: VK_KHR_external_semaphore_capabilities
VERBOSE | has extension: VK_KHR_get_physical_device_properties2
VERBOSE | has extension: VK_EXT_debug_utils
VERBOSE | has extension: VK_EXT_headless_surface
VERBOSE | has extension: VK_KHR_surface
VERBOSE | has extension: VK_MVK_macos_surface
VERBOSE | has extension: VK_EXT_metal_surface
VERBOSE | has extension: VK_EXT_debug_report
VERBOSE | needed extension: VK_KHR_external_memory_capabilities found: 1
VERBOSE | needed extension: VK_KHR_get_physical_device_properties2 found: 1
VERBOSE | global loader has vkEnumerateInstanceVersion.
VERBOSE | global loader has vkEnumerateInstanceVersion returning >= 1.1.
VERBOSE | Creating instance, asking for version 1.1.0 ...
VERBOSE | Found 1 Vulkan physical devices.
VERBOSE | Considering Vulkan physical device 0: SwiftShader Device (LLVM 10.0.0)
VERBOSE | has extension: VK_KHR_driver_properties
VERBOSE | has extension: VK_KHR_bind_memory2
VERBOSE | has extension: VK_KHR_create_renderpass2
VERBOSE | has extension: VK_KHR_dedicated_allocation
VERBOSE | has extension: VK_KHR_descriptor_update_template
VERBOSE | has extension: VK_KHR_device_group
VERBOSE | has extension: VK_KHR_external_fence
VERBOSE | has extension: VK_KHR_external_memory
VERBOSE | has extension: VK_KHR_external_semaphore
VERBOSE | has extension: VK_KHR_get_memory_requirements2
VERBOSE | has extension: VK_KHR_maintenance1
VERBOSE | has extension: VK_KHR_maintenance2
VERBOSE | has extension: VK_KHR_maintenance3
VERBOSE | has extension: VK_KHR_multiview
VERBOSE | has extension: VK_KHR_relaxed_block_layout
VERBOSE | has extension: VK_KHR_sampler_ycbcr_conversion
VERBOSE | has extension: VK_KHR_separate_depth_stencil_layouts
VERBOSE | has extension: VK_EXT_depth_clip_enable
VERBOSE | has extension: VK_EXT_custom_border_color
VERBOSE | has extension: VK_EXT_load_store_op_none
VERBOSE | has extension: VK_KHR_storage_buffer_storage_class
VERBOSE | has extension: VK_EXT_queue_family_foreign
VERBOSE | has extension: VK_EXT_line_rasterization
VERBOSE | has extension: VK_EXT_shader_stencil_export
VERBOSE | has extension: VK_EXT_image_robustness
VERBOSE | has extension: VK_EXT_4444_formats
VERBOSE | has extension: VK_EXT_blend_operation_advanced
VERBOSE | has extension: VK_KHR_swapchain
VERBOSE | has extension: VK_KHR_external_memory_fd
VERBOSE | has extension: VK_EXT_external_memory_host
VERBOSE | has extension: VK_EXT_provoking_vertex
VERBOSE | has extension: VK_GOOGLE_sampler_filtering_precision
VERBOSE | has extension: VK_EXT_depth_range_unrestricted
VERBOSE | has extension: VK_EXT_host_query_reset
VERBOSE | has extension: VK_EXT_scalar_block_layout
VERBOSE | has extension: VK_EXT_separate_stencil_usage
VERBOSE | has extension: VK_KHR_depth_stencil_resolve
VERBOSE | has extension: VK_KHR_image_format_list
VERBOSE | has extension: VK_KHR_imageless_framebuffer
VERBOSE | has extension: VK_KHR_shader_float_controls
VERBOSE | has extension: VK_KHR_shader_subgroup_extended_types
VERBOSE | has extension: VK_KHR_spirv_1_4
VERBOSE | has extension: VK_KHR_uniform_buffer_standard_layout
VERBOSE | has extension: VK_KHR_timeline_semaphore
VERBOSE | has extension: VK_EXT_pipeline_creation_cache_control
VERBOSE | has extension: VK_EXT_pipeline_creation_feedback
VERBOSE | has extension: VK_EXT_tooling_info
VERBOSE | has extension: VK_KHR_copy_commands2
VERBOSE | has extension: VK_KHR_format_feature_flags2
VERBOSE | has extension: VK_GOOGLE_decorate_string
VERBOSE | has extension: VK_GOOGLE_hlsl_functionality1
VERBOSE | has extension: VK_GOOGLE_user_type
VERBOSE | has extension: VK_KHR_vulkan_memory_model
VERBOSE | has extension: VK_KHR_sampler_mirror_clamp_to_edge
VERBOSE | has extension: VK_KHR_swapchain_mutable_format
VERBOSE | needed extension: VK_KHR_dedicated_allocation found: 1
VERBOSE | needed extension: VK_KHR_get_memory_requirements2 found: 1
VERBOSE | needed extension: VK_KHR_external_memory found: 1
VERBOSE | needed extension: VK_KHR_external_memory_fd found: 1
VERBOSE | Graphics queue family index: 0
VERBOSE | Compute queue family index: 0
VERBOSE | Supported: VK_FORMAT_R8G8B8A8_UNORM VK_IMAGE_TYPE_2D VK_IMAGE_TILING_LINEAR VK_IMAGE_USAGE_SAMPLED_BIT supportsExternalMemory? 1 requiresDedicated? 0
VERBOSE | Supported: VK_FORMAT_R8G8B8A8_UNORM VK_IMAGE_TYPE_2D VK_IMAGE_TILING_LINEAR VK_IMAGE_USAGE_TRANSFER_SRC_BIT supportsExternalMemory? 1 requiresDedicated? 0
VERBOSE | Supported: VK_FORMAT_R8G8B8A8_UNORM VK_IMAGE_TYPE_2D VK_IMAGE_TILING_LINEAR VK_IMAGE_USAGE_TRANSFER_DST_BIT supportsExternalMemory? 1 requiresDedicated? 0
VERBOSE | Supported: VK_FORMAT_R8G8B8A8_UNORM VK_IMAGE_TYPE_2D VK_IMAGE_TILING_OPTIMAL VK_IMAGE_USAGE_COLOR_ATTACHMENT_BIT supportsExternalMemory? 1 requiresDedicated? 0
VERBOSE | Supported: VK_FORMAT_R8G8B8A8_UNORM VK_IMAGE_TYPE_2D VK_IMAGE_TILING_OPTIMAL VK_IMAGE_USAGE_INPUT_ATTACHMENT_BIT supportsExternalMemory? 1 requiresDedicated? 0
VERBOSE | Supported: VK_FORMAT_R8G8B8A8_UNORM VK_IMAGE_TYPE_2D VK_IMAGE_TILING_OPTIMAL VK_IMAGE_USAGE_SAMPLED_BIT supportsExternalMemory? 1 requiresDedicated? 0
VERBOSE | Supported: VK_FORMAT_R8G8B8A8_UNORM VK_IMAGE_TYPE_2D VK_IMAGE_TILING_OPTIMAL VK_IMAGE_USAGE_TRANSFER_SRC_BIT supportsExternalMemory? 1 requiresDedicated? 0
VERBOSE | Supported: VK_FORMAT_R8G8B8A8_UNORM VK_IMAGE_TYPE_2D VK_IMAGE_TILING_OPTIMAL VK_IMAGE_USAGE_TRANSFER_DST_BIT supportsExternalMemory? 1 requiresDedicated? 0
VERBOSE | Supported: VK_FORMAT_R5G6B5_UNORM_PACK16 VK_IMAGE_TYPE_2D VK_IMAGE_TILING_LINEAR VK_IMAGE_USAGE_SAMPLED_BIT supportsExternalMemory? 1 requiresDedicated? 0
VERBOSE | Supported: VK_FORMAT_R5G6B5_UNORM_PACK16 VK_IMAGE_TYPE_2D VK_IMAGE_TILING_LINEAR VK_IMAGE_USAGE_TRANSFER_SRC_BIT supportsExternalMemory? 1 requiresDedicated? 0
VERBOSE | Supported: VK_FORMAT_R5G6B5_UNORM_PACK16 VK_IMAGE_TYPE_2D VK_IMAGE_TILING_LINEAR VK_IMAGE_USAGE_TRANSFER_DST_BIT supportsExternalMemory? 1 requiresDedicated? 0
VERBOSE | Supported: VK_FORMAT_R5G6B5_UNORM_PACK16 VK_IMAGE_TYPE_2D VK_IMAGE_TILING_OPTIMAL VK_IMAGE_USAGE_COLOR_ATTACHMENT_BIT supportsExternalMemory? 1 requiresDedicated? 0
VERBOSE | Supported: VK_FORMAT_R5G6B5_UNORM_PACK16 VK_IMAGE_TYPE_2D VK_IMAGE_TILING_OPTIMAL VK_IMAGE_USAGE_INPUT_ATTACHMENT_BIT supportsExternalMemory? 1 requiresDedicated? 0
VERBOSE | Supported: VK_FORMAT_R5G6B5_UNORM_PACK16 VK_IMAGE_TYPE_2D VK_IMAGE_TILING_OPTIMAL VK_IMAGE_USAGE_SAMPLED_BIT supportsExternalMemory? 1 requiresDedicated? 0
VERBOSE | Supported: VK_FORMAT_R5G6B5_UNORM_PACK16 VK_IMAGE_TYPE_2D VK_IMAGE_TILING_OPTIMAL VK_IMAGE_USAGE_TRANSFER_SRC_BIT supportsExternalMemory? 1 requiresDedicated? 0
VERBOSE | Supported: VK_FORMAT_R5G6B5_UNORM_PACK16 VK_IMAGE_TYPE_2D VK_IMAGE_TILING_OPTIMAL VK_IMAGE_USAGE_TRANSFER_DST_BIT supportsExternalMemory? 1 requiresDedicated? 0
VERBOSE | Supported: VK_FORMAT_R16G16B16A16_SFLOAT VK_IMAGE_TYPE_2D VK_IMAGE_TILING_LINEAR VK_IMAGE_USAGE_SAMPLED_BIT supportsExternalMemory? 1 requiresDedicated? 0
VERBOSE | Supported: VK_FORMAT_R16G16B16A16_SFLOAT VK_IMAGE_TYPE_2D VK_IMAGE_TILING_LINEAR VK_IMAGE_USAGE_TRANSFER_SRC_BIT supportsExternalMemory? 1 requiresDedicated? 0
VERBOSE | Supported: VK_FORMAT_R16G16B16A16_SFLOAT VK_IMAGE_TYPE_2D VK_IMAGE_TILING_LINEAR VK_IMAGE_USAGE_TRANSFER_DST_BIT supportsExternalMemory? 1 requiresDedicated? 0
VERBOSE | Supported: VK_FORMAT_R16G16B16A16_SFLOAT VK_IMAGE_TYPE_2D VK_IMAGE_TILING_OPTIMAL VK_IMAGE_USAGE_COLOR_ATTACHMENT_BIT supportsExternalMemory? 1 requiresDedicated? 0
VERBOSE | Supported: VK_FORMAT_R16G16B16A16_SFLOAT VK_IMAGE_TYPE_2D VK_IMAGE_TILING_OPTIMAL VK_IMAGE_USAGE_INPUT_ATTACHMENT_BIT supportsExternalMemory? 1 requiresDedicated? 0
VERBOSE | Supported: VK_FORMAT_R16G16B16A16_SFLOAT VK_IMAGE_TYPE_2D VK_IMAGE_TILING_OPTIMAL VK_IMAGE_USAGE_SAMPLED_BIT supportsExternalMemory? 1 requiresDedicated? 0
VERBOSE | Supported: VK_FORMAT_R16G16B16A16_SFLOAT VK_IMAGE_TYPE_2D VK_IMAGE_TILING_OPTIMAL VK_IMAGE_USAGE_TRANSFER_SRC_BIT supportsExternalMemory? 1 requiresDedicated? 0
VERBOSE | Supported: VK_FORMAT_R16G16B16A16_SFLOAT VK_IMAGE_TYPE_2D VK_IMAGE_TILING_OPTIMAL VK_IMAGE_USAGE_TRANSFER_DST_BIT supportsExternalMemory? 1 requiresDedicated? 0
VERBOSE | Supported: VK_FORMAT_B8G8R8A8_UNORM VK_IMAGE_TYPE_2D VK_IMAGE_TILING_LINEAR VK_IMAGE_USAGE_SAMPLED_BIT supportsExternalMemory? 1 requiresDedicated? 0
VERBOSE | Supported: VK_FORMAT_B8G8R8A8_UNORM VK_IMAGE_TYPE_2D VK_IMAGE_TILING_LINEAR VK_IMAGE_USAGE_TRANSFER_SRC_BIT supportsExternalMemory? 1 requiresDedicated? 0
VERBOSE | Supported: VK_FORMAT_B8G8R8A8_UNORM VK_IMAGE_TYPE_2D VK_IMAGE_TILING_LINEAR VK_IMAGE_USAGE_TRANSFER_DST_BIT supportsExternalMemory? 1 requiresDedicated? 0
VERBOSE | Supported: VK_FORMAT_B8G8R8A8_UNORM VK_IMAGE_TYPE_2D VK_IMAGE_TILING_OPTIMAL VK_IMAGE_USAGE_COLOR_ATTACHMENT_BIT supportsExternalMemory? 1 requiresDedicated? 0
VERBOSE | Supported: VK_FORMAT_B8G8R8A8_UNORM VK_IMAGE_TYPE_2D VK_IMAGE_TILING_OPTIMAL VK_IMAGE_USAGE_INPUT_ATTACHMENT_BIT supportsExternalMemory? 1 requiresDedicated? 0
VERBOSE | Supported: VK_FORMAT_B8G8R8A8_UNORM VK_IMAGE_TYPE_2D VK_IMAGE_TILING_OPTIMAL VK_IMAGE_USAGE_SAMPLED_BIT supportsExternalMemory? 1 requiresDedicated? 0
VERBOSE | Supported: VK_FORMAT_B8G8R8A8_UNORM VK_IMAGE_TYPE_2D VK_IMAGE_TILING_OPTIMAL VK_IMAGE_USAGE_TRANSFER_SRC_BIT supportsExternalMemory? 1 requiresDedicated? 0
VERBOSE | Supported: VK_FORMAT_B8G8R8A8_UNORM VK_IMAGE_TYPE_2D VK_IMAGE_TILING_OPTIMAL VK_IMAGE_USAGE_TRANSFER_DST_BIT supportsExternalMemory? 1 requiresDedicated? 0
VERBOSE | Supported: VK_FORMAT_R8_UNORM VK_IMAGE_TYPE_2D VK_IMAGE_TILING_LINEAR VK_IMAGE_USAGE_SAMPLED_BIT supportsExternalMemory? 1 requiresDedicated? 0
VERBOSE | Supported: VK_FORMAT_R8_UNORM VK_IMAGE_TYPE_2D VK_IMAGE_TILING_LINEAR VK_IMAGE_USAGE_TRANSFER_SRC_BIT supportsExternalMemory? 1 requiresDedicated? 0
VERBOSE | Supported: VK_FORMAT_R8_UNORM VK_IMAGE_TYPE_2D VK_IMAGE_TILING_LINEAR VK_IMAGE_USAGE_TRANSFER_DST_BIT supportsExternalMemory? 1 requiresDedicated? 0
VERBOSE | Supported: VK_FORMAT_R8_UNORM VK_IMAGE_TYPE_2D VK_IMAGE_TILING_OPTIMAL VK_IMAGE_USAGE_COLOR_ATTACHMENT_BIT supportsExternalMemory? 1 requiresDedicated? 0
VERBOSE | Supported: VK_FORMAT_R8_UNORM VK_IMAGE_TYPE_2D VK_IMAGE_TILING_OPTIMAL VK_IMAGE_USAGE_INPUT_ATTACHMENT_BIT supportsExternalMemory? 1 requiresDedicated? 0
VERBOSE | Supported: VK_FORMAT_R8_UNORM VK_IMAGE_TYPE_2D VK_IMAGE_TILING_OPTIMAL VK_IMAGE_USAGE_SAMPLED_BIT supportsExternalMemory? 1 requiresDedicated? 0
VERBOSE | Supported: VK_FORMAT_R8_UNORM VK_IMAGE_TYPE_2D VK_IMAGE_TILING_OPTIMAL VK_IMAGE_USAGE_TRANSFER_SRC_BIT supportsExternalMemory? 1 requiresDedicated? 0
VERBOSE | Supported: VK_FORMAT_R8_UNORM VK_IMAGE_TYPE_2D VK_IMAGE_TILING_OPTIMAL VK_IMAGE_USAGE_TRANSFER_DST_BIT supportsExternalMemory? 1 requiresDedicated? 0
VERBOSE | Supported: VK_FORMAT_A2R10G10B10_UINT_PACK32 VK_IMAGE_TYPE_2D VK_IMAGE_TILING_LINEAR VK_IMAGE_USAGE_SAMPLED_BIT supportsExternalMemory? 1 requiresDedicated? 0
VERBOSE | Supported: VK_FORMAT_A2R10G10B10_UINT_PACK32 VK_IMAGE_TYPE_2D VK_IMAGE_TILING_LINEAR VK_IMAGE_USAGE_TRANSFER_SRC_BIT supportsExternalMemory? 1 requiresDedicated? 0
VERBOSE | Supported: VK_FORMAT_A2R10G10B10_UINT_PACK32 VK_IMAGE_TYPE_2D VK_IMAGE_TILING_LINEAR VK_IMAGE_USAGE_TRANSFER_DST_BIT supportsExternalMemory? 1 requiresDedicated? 0
VERBOSE | Supported: VK_FORMAT_A2R10G10B10_UINT_PACK32 VK_IMAGE_TYPE_2D VK_IMAGE_TILING_OPTIMAL VK_IMAGE_USAGE_COLOR_ATTACHMENT_BIT supportsExternalMemory? 1 requiresDedicated? 0
VERBOSE | Supported: VK_FORMAT_A2R10G10B10_UINT_PACK32 VK_IMAGE_TYPE_2D VK_IMAGE_TILING_OPTIMAL VK_IMAGE_USAGE_INPUT_ATTACHMENT_BIT supportsExternalMemory? 1 requiresDedicated? 0
VERBOSE | Supported: VK_FORMAT_A2R10G10B10_UINT_PACK32 VK_IMAGE_TYPE_2D VK_IMAGE_TILING_OPTIMAL VK_IMAGE_USAGE_SAMPLED_BIT supportsExternalMemory? 1 requiresDedicated? 0
VERBOSE | Supported: VK_FORMAT_A2R10G10B10_UINT_PACK32 VK_IMAGE_TYPE_2D VK_IMAGE_TILING_OPTIMAL VK_IMAGE_USAGE_TRANSFER_SRC_BIT supportsExternalMemory? 1 requiresDedicated? 0
VERBOSE | Supported: VK_FORMAT_A2R10G10B10_UINT_PACK32 VK_IMAGE_TYPE_2D VK_IMAGE_TILING_OPTIMAL VK_IMAGE_USAGE_TRANSFER_DST_BIT supportsExternalMemory? 1 requiresDedicated? 0
VERBOSE | Supported: VK_FORMAT_A2R10G10B10_UNORM_PACK32 VK_IMAGE_TYPE_2D VK_IMAGE_TILING_LINEAR VK_IMAGE_USAGE_SAMPLED_BIT supportsExternalMemory? 1 requiresDedicated? 0
VERBOSE | Supported: VK_FORMAT_A2R10G10B10_UNORM_PACK32 VK_IMAGE_TYPE_2D VK_IMAGE_TILING_LINEAR VK_IMAGE_USAGE_TRANSFER_SRC_BIT supportsExternalMemory? 1 requiresDedicated? 0
VERBOSE | Supported: VK_FORMAT_A2R10G10B10_UNORM_PACK32 VK_IMAGE_TYPE_2D VK_IMAGE_TILING_LINEAR VK_IMAGE_USAGE_TRANSFER_DST_BIT supportsExternalMemory? 1 requiresDedicated? 0
VERBOSE | Supported: VK_FORMAT_A2R10G10B10_UNORM_PACK32 VK_IMAGE_TYPE_2D VK_IMAGE_TILING_OPTIMAL VK_IMAGE_USAGE_COLOR_ATTACHMENT_BIT supportsExternalMemory? 1 requiresDedicated? 0
VERBOSE | Supported: VK_FORMAT_A2R10G10B10_UNORM_PACK32 VK_IMAGE_TYPE_2D VK_IMAGE_TILING_OPTIMAL VK_IMAGE_USAGE_INPUT_ATTACHMENT_BIT supportsExternalMemory? 1 requiresDedicated? 0
VERBOSE | Supported: VK_FORMAT_A2R10G10B10_UNORM_PACK32 VK_IMAGE_TYPE_2D VK_IMAGE_TILING_OPTIMAL VK_IMAGE_USAGE_SAMPLED_BIT supportsExternalMemory? 1 requiresDedicated? 0
VERBOSE | Supported: VK_FORMAT_A2R10G10B10_UNORM_PACK32 VK_IMAGE_TYPE_2D VK_IMAGE_TILING_OPTIMAL VK_IMAGE_USAGE_TRANSFER_SRC_BIT supportsExternalMemory? 1 requiresDedicated? 0
VERBOSE | Supported: VK_FORMAT_A2R10G10B10_UNORM_PACK32 VK_IMAGE_TYPE_2D VK_IMAGE_TILING_OPTIMAL VK_IMAGE_USAGE_TRANSFER_DST_BIT supportsExternalMemory? 1 requiresDedicated? 0
VERBOSE | Supported: VK_FORMAT_A2B10G10R10_UNORM_PACK32 VK_IMAGE_TYPE_2D VK_IMAGE_TILING_LINEAR VK_IMAGE_USAGE_SAMPLED_BIT supportsExternalMemory? 1 requiresDedicated? 0
VERBOSE | Supported: VK_FORMAT_A2B10G10R10_UNORM_PACK32 VK_IMAGE_TYPE_2D VK_IMAGE_TILING_LINEAR VK_IMAGE_USAGE_TRANSFER_SRC_BIT supportsExternalMemory? 1 requiresDedicated? 0
VERBOSE | Supported: VK_FORMAT_A2B10G10R10_UNORM_PACK32 VK_IMAGE_TYPE_2D VK_IMAGE_TILING_LINEAR VK_IMAGE_USAGE_TRANSFER_DST_BIT supportsExternalMemory? 1 requiresDedicated? 0
VERBOSE | Supported: VK_FORMAT_A2B10G10R10_UNORM_PACK32 VK_IMAGE_TYPE_2D VK_IMAGE_TILING_OPTIMAL VK_IMAGE_USAGE_COLOR_ATTACHMENT_BIT supportsExternalMemory? 1 requiresDedicated? 0
VERBOSE | Supported: VK_FORMAT_A2B10G10R10_UNORM_PACK32 VK_IMAGE_TYPE_2D VK_IMAGE_TILING_OPTIMAL VK_IMAGE_USAGE_INPUT_ATTACHMENT_BIT supportsExternalMemory? 1 requiresDedicated? 0
VERBOSE | Supported: VK_FORMAT_A2B10G10R10_UNORM_PACK32 VK_IMAGE_TYPE_2D VK_IMAGE_TILING_OPTIMAL VK_IMAGE_USAGE_SAMPLED_BIT supportsExternalMemory? 1 requiresDedicated? 0
VERBOSE | Supported: VK_FORMAT_A2B10G10R10_UNORM_PACK32 VK_IMAGE_TYPE_2D VK_IMAGE_TILING_OPTIMAL VK_IMAGE_USAGE_TRANSFER_SRC_BIT supportsExternalMemory? 1 requiresDedicated? 0
VERBOSE | Supported: VK_FORMAT_A2B10G10R10_UNORM_PACK32 VK_IMAGE_TYPE_2D VK_IMAGE_TILING_OPTIMAL VK_IMAGE_USAGE_TRANSFER_DST_BIT supportsExternalMemory? 1 requiresDedicated? 0
VERBOSE | Supported: VK_FORMAT_ETC2_R8G8B8A8_UNORM_BLOCK VK_IMAGE_TYPE_2D VK_IMAGE_TILING_LINEAR VK_IMAGE_USAGE_TRANSFER_SRC_BIT supportsExternalMemory? 1 requiresDedicated? 0
VERBOSE | Supported: VK_FORMAT_ETC2_R8G8B8A8_UNORM_BLOCK VK_IMAGE_TYPE_2D VK_IMAGE_TILING_LINEAR VK_IMAGE_USAGE_TRANSFER_DST_BIT supportsExternalMemory? 1 requiresDedicated? 0
VERBOSE | Supported: VK_FORMAT_ETC2_R8G8B8A8_UNORM_BLOCK VK_IMAGE_TYPE_2D VK_IMAGE_TILING_OPTIMAL VK_IMAGE_USAGE_SAMPLED_BIT supportsExternalMemory? 1 requiresDedicated? 0
VERBOSE | Supported: VK_FORMAT_ETC2_R8G8B8A8_UNORM_BLOCK VK_IMAGE_TYPE_2D VK_IMAGE_TILING_OPTIMAL VK_IMAGE_USAGE_TRANSFER_SRC_BIT supportsExternalMemory? 1 requiresDedicated? 0
VERBOSE | Supported: VK_FORMAT_ETC2_R8G8B8A8_UNORM_BLOCK VK_IMAGE_TYPE_2D VK_IMAGE_TILING_OPTIMAL VK_IMAGE_USAGE_TRANSFER_DST_BIT supportsExternalMemory? 1 requiresDedicated? 0
VERBOSE | Supported: VK_FORMAT_ASTC_4x4_UNORM_BLOCK VK_IMAGE_TYPE_2D VK_IMAGE_TILING_LINEAR VK_IMAGE_USAGE_TRANSFER_SRC_BIT supportsExternalMemory? 1 requiresDedicated? 0
VERBOSE | Supported: VK_FORMAT_ASTC_4x4_UNORM_BLOCK VK_IMAGE_TYPE_2D VK_IMAGE_TILING_LINEAR VK_IMAGE_USAGE_TRANSFER_DST_BIT supportsExternalMemory? 1 requiresDedicated? 0
VERBOSE | Supported: VK_FORMAT_ASTC_4x4_UNORM_BLOCK VK_IMAGE_TYPE_2D VK_IMAGE_TILING_OPTIMAL VK_IMAGE_USAGE_SAMPLED_BIT supportsExternalMemory? 1 requiresDedicated? 0
VERBOSE | Supported: VK_FORMAT_ASTC_4x4_UNORM_BLOCK VK_IMAGE_TYPE_2D VK_IMAGE_TILING_OPTIMAL VK_IMAGE_USAGE_TRANSFER_SRC_BIT supportsExternalMemory? 1 requiresDedicated? 0
VERBOSE | Supported: VK_FORMAT_ASTC_4x4_UNORM_BLOCK VK_IMAGE_TYPE_2D VK_IMAGE_TILING_OPTIMAL VK_IMAGE_USAGE_TRANSFER_DST_BIT supportsExternalMemory? 1 requiresDedicated? 0
VERBOSE | Supported: VK_FORMAT_G8_B8R8_2PLANE_420_UNORM VK_IMAGE_TYPE_2D VK_IMAGE_TILING_LINEAR VK_IMAGE_USAGE_SAMPLED_BIT supportsExternalMemory? 1 requiresDedicated? 0
VERBOSE | Supported: VK_FORMAT_G8_B8R8_2PLANE_420_UNORM VK_IMAGE_TYPE_2D VK_IMAGE_TILING_LINEAR VK_IMAGE_USAGE_TRANSFER_SRC_BIT supportsExternalMemory? 1 requiresDedicated? 0
VERBOSE | Supported: VK_FORMAT_G8_B8R8_2PLANE_420_UNORM VK_IMAGE_TYPE_2D VK_IMAGE_TILING_LINEAR VK_IMAGE_USAGE_TRANSFER_DST_BIT supportsExternalMemory? 1 requiresDedicated? 0
VERBOSE | Supported: VK_FORMAT_G8_B8R8_2PLANE_420_UNORM VK_IMAGE_TYPE_2D VK_IMAGE_TILING_OPTIMAL VK_IMAGE_USAGE_SAMPLED_BIT supportsExternalMemory? 1 requiresDedicated? 0
VERBOSE | Supported: VK_FORMAT_G8_B8R8_2PLANE_420_UNORM VK_IMAGE_TYPE_2D VK_IMAGE_TILING_OPTIMAL VK_IMAGE_USAGE_TRANSFER_SRC_BIT supportsExternalMemory? 1 requiresDedicated? 0
VERBOSE | Supported: VK_FORMAT_G8_B8R8_2PLANE_420_UNORM VK_IMAGE_TYPE_2D VK_IMAGE_TILING_OPTIMAL VK_IMAGE_USAGE_TRANSFER_DST_BIT supportsExternalMemory? 1 requiresDedicated? 0
VERBOSE | Supported: VK_FORMAT_G8_B8_R8_3PLANE_420_UNORM VK_IMAGE_TYPE_2D VK_IMAGE_TILING_LINEAR VK_IMAGE_USAGE_SAMPLED_BIT supportsExternalMemory? 1 requiresDedicated? 0
VERBOSE | Supported: VK_FORMAT_G8_B8_R8_3PLANE_420_UNORM VK_IMAGE_TYPE_2D VK_IMAGE_TILING_LINEAR VK_IMAGE_USAGE_TRANSFER_SRC_BIT supportsExternalMemory? 1 requiresDedicated? 0
VERBOSE | Supported: VK_FORMAT_G8_B8_R8_3PLANE_420_UNORM VK_IMAGE_TYPE_2D VK_IMAGE_TILING_LINEAR VK_IMAGE_USAGE_TRANSFER_DST_BIT supportsExternalMemory? 1 requiresDedicated? 0
VERBOSE | Supported: VK_FORMAT_G8_B8_R8_3PLANE_420_UNORM VK_IMAGE_TYPE_2D VK_IMAGE_TILING_OPTIMAL VK_IMAGE_USAGE_SAMPLED_BIT supportsExternalMemory? 1 requiresDedicated? 0
VERBOSE | Supported: VK_FORMAT_G8_B8_R8_3PLANE_420_UNORM VK_IMAGE_TYPE_2D VK_IMAGE_TILING_OPTIMAL VK_IMAGE_USAGE_TRANSFER_SRC_BIT supportsExternalMemory? 1 requiresDedicated? 0
VERBOSE | Supported: VK_FORMAT_G8_B8_R8_3PLANE_420_UNORM VK_IMAGE_TYPE_2D VK_IMAGE_TILING_OPTIMAL VK_IMAGE_USAGE_TRANSFER_DST_BIT supportsExternalMemory? 1 requiresDedicated? 0
VERBOSE | Supported: VK_FORMAT_R8G8_UNORM VK_IMAGE_TYPE_2D VK_IMAGE_TILING_LINEAR VK_IMAGE_USAGE_SAMPLED_BIT supportsExternalMemory? 1 requiresDedicated? 0
VERBOSE | Supported: VK_FORMAT_R8G8_UNORM VK_IMAGE_TYPE_2D VK_IMAGE_TILING_LINEAR VK_IMAGE_USAGE_TRANSFER_SRC_BIT supportsExternalMemory? 1 requiresDedicated? 0
VERBOSE | Supported: VK_FORMAT_R8G8_UNORM VK_IMAGE_TYPE_2D VK_IMAGE_TILING_LINEAR VK_IMAGE_USAGE_TRANSFER_DST_BIT supportsExternalMemory? 1 requiresDedicated? 0
VERBOSE | Supported: VK_FORMAT_R8G8_UNORM VK_IMAGE_TYPE_2D VK_IMAGE_TILING_OPTIMAL VK_IMAGE_USAGE_COLOR_ATTACHMENT_BIT supportsExternalMemory? 1 requiresDedicated? 0
VERBOSE | Supported: VK_FORMAT_R8G8_UNORM VK_IMAGE_TYPE_2D VK_IMAGE_TILING_OPTIMAL VK_IMAGE_USAGE_INPUT_ATTACHMENT_BIT supportsExternalMemory? 1 requiresDedicated? 0
VERBOSE | Supported: VK_FORMAT_R8G8_UNORM VK_IMAGE_TYPE_2D VK_IMAGE_TILING_OPTIMAL VK_IMAGE_USAGE_SAMPLED_BIT supportsExternalMemory? 1 requiresDedicated? 0
VERBOSE | Supported: VK_FORMAT_R8G8_UNORM VK_IMAGE_TYPE_2D VK_IMAGE_TILING_OPTIMAL VK_IMAGE_USAGE_TRANSFER_SRC_BIT supportsExternalMemory? 1 requiresDedicated? 0
VERBOSE | Supported: VK_FORMAT_R8G8_UNORM VK_IMAGE_TYPE_2D VK_IMAGE_TILING_OPTIMAL VK_IMAGE_USAGE_TRANSFER_DST_BIT supportsExternalMemory? 1 requiresDedicated? 0
VERBOSE | Vulkan device found: SwiftShader Device (LLVM 10.0.0)
VERBOSE | Version: 1.2.0
VERBOSE | Has graphics queue? 1
VERBOSE | Has external memory support? 1
VERBOSE | Has compute queue? 1
VERBOSE | Vulkan logical device created and extension functions obtained.
VERBOSE | Vulkan device queue obtained.
VERBOSE | Vulkan global emulation state successfully initialized.
VERBOSE | Using deferred Vulkan commands: 1
VERBOSE | Using deferred Vulkan commands: 1
VERBOSE | Enable ASTC LDR emulation: 1
VERBOSE | Setting gl interop support for Vk to: 0
INFO    | Setting vsync to 60 hz
VERBOSE | INFO: ignore sdcard for arm at api level >= 30
INFO    | Sending adb public key [QAAAAJWPuqRDvA+YQycUUegiXzUY4yNpRZqkWs/+MeGdz2CqzgcHd4u9U9PRQ6z0ipxywxaSbCd5vNry0OzH6tz2HLvwODCg7tORJkmVYsy+SU7gNIPU9vVBQpGW2u3Xe48o4lI87sNVi4QgO67mmQmiEBPpO4UPcq/PguLQ2xRQMPacY83qAGDDFwxXRCcDGO9s7hraUjIs0c5FVCcqOF3+jJKEZpFwtA0qOT3z+45IaRCttq5z8IwM++fjNY4ojTs63SbjW8W3wJQHX3c7M41JWbRJjvaxrRTDddk8/QFQ/eYkp+A0sJT3Sz2PO7+DDpbywD+9uXagtpRHOtC97uxwBKu/+X23VDlQ+KxTSOggzE6jsP2KPUkvBoThfG5K1Mfn+1Gg/yjlnoJH96nK9OvcobuxPW6nCViCJMGTnqkM/cMyBKy/tRfOkh4p1gEf2Lhjs0AuZbtHTG/YKh23XPG8DfVqOvrGXaXN/IbnQffoHlHYbZkuepQclfU71D/8+M5ngLCoFfAN+rAkltSglBbrurXjlMtXfhts+rvYK/Kmy/OyRb6n57G9RMycZZO/VfESQFuCh6j0yw5lmm1A2CSXiWtgdgzalWOhsNJnhJnJaP1N0n6A+u9rLOyBuqjyiCKpocp7Ng3bqu5auNRidkc+D/KrYgpG53+wFAez96zeBoisXQRMHQEAAQA= son.vu@unknown]
VERBOSE | Found 1 DNS servers:
VERBOSE | 	192.168.1.1
INFO    | Content of hardware configuration file:
INFO    | 	hw.cpu.arch = arm64
INFO    | 	hw.cpu.ncore = 4
INFO    | 	hw.ramSize = 2048
INFO    | 	hw.screen = multi-touch
INFO    | 	hw.mainKeys = false
INFO    | 	hw.trackBall = false
INFO    | 	hw.keyboard = true
INFO    | 	hw.keyboard.lid = false
INFO    | 	hw.keyboard.charmap = qwerty2
INFO    | 	hw.dPad = false
INFO    | 	hw.rotaryInput = false
INFO    | 	hw.gsmModem = true
INFO    | 	hw.gps = true
INFO    | 	hw.battery = true
INFO    | 	hw.accelerometer = true
INFO    | 	hw.gyroscope = true
INFO    | 	hw.audioInput = true
INFO    | 	hw.audioOutput = true
INFO    | 	hw.sdCard = true
INFO    | 	disk.cachePartition = true
INFO    | 	disk.cachePartition.path = /Users/son.vu/.android/avd/Pixel_XL.avd/cache.img
INFO    | 	disk.cachePartition.size = 66m
INFO    | 	test.quitAfterBootTimeOut = -1
INFO    | 	test.delayAdbTillBootComplete = 0
INFO    | 	test.monitorAdb = 0
INFO    | 	hw.lcd.width = 1440
INFO    | 	hw.lcd.height = 2560
INFO    | 	hw.lcd.depth = 16
INFO    | 	hw.lcd.circular = false
INFO    | 	hw.lcd.density = 560
INFO    | 	hw.lcd.backlight = true
INFO    | 	hw.lcd.vsync = 60
INFO    | 	hw.gltransport = pipe
INFO    | 	hw.gltransport.asg.writeBufferSize = 1048576
INFO    | 	hw.gltransport.asg.writeStepSize = 4096
INFO    | 	hw.gltransport.asg.dataRingSize = 32768
INFO    | 	hw.gltransport.drawFlushInterval = 800
INFO    | 	hw.displayRegion.0.1.xOffset = -1
INFO    | 	hw.displayRegion.0.1.yOffset = -1
INFO    | 	hw.displayRegion.0.1.width = 0
INFO    | 	hw.displayRegion.0.1.height = 0
INFO    | 	hw.displayRegion.0.2.xOffset = -1
INFO    | 	hw.displayRegion.0.2.yOffset = -1
INFO    | 	hw.displayRegion.0.2.width = 0
INFO    | 	hw.displayRegion.0.2.height = 0
INFO    | 	hw.displayRegion.0.3.xOffset = -1
INFO    | 	hw.displayRegion.0.3.yOffset = -1
INFO    | 	hw.displayRegion.0.3.width = 0
INFO    | 	hw.displayRegion.0.3.height = 0
INFO    | 	hw.display1.width = 0
INFO    | 	hw.display1.height = 0
INFO    | 	hw.display1.density = 0
INFO    | 	hw.display1.xOffset = -1
INFO    | 	hw.display1.yOffset = -1
INFO    | 	hw.display1.flag = 0
INFO    | 	hw.display2.width = 0
INFO    | 	hw.display2.height = 0
INFO    | 	hw.display2.density = 0
INFO    | 	hw.display2.xOffset = -1
INFO    | 	hw.display2.yOffset = -1
INFO    | 	hw.display2.flag = 0
INFO    | 	hw.display3.width = 0
INFO    | 	hw.display3.height = 0
INFO    | 	hw.display3.density = 0
INFO    | 	hw.display3.xOffset = -1
INFO    | 	hw.display3.yOffset = -1
INFO    | 	hw.display3.flag = 0
INFO    | 	hw.multi_display_window = false
INFO    | 	hw.gpu.enabled = true
INFO    | 	hw.gpu.mode = host
INFO    | 	hw.initialOrientation = Portrait
INFO    | 	hw.camera.back = virtualscene
INFO    | 	hw.camera.front = emulated
INFO    | 	vm.heapSize = 512
INFO    | 	hw.sensors.light = true
INFO    | 	hw.sensors.pressure = true
INFO    | 	hw.sensors.humidity = true
INFO    | 	hw.sensors.proximity = true
INFO    | 	hw.sensors.magnetic_field = true
INFO    | 	hw.sensors.magnetic_field_uncalibrated = true
INFO    | 	hw.sensors.gyroscope_uncalibrated = true
INFO    | 	hw.sensors.orientation = true
INFO    | 	hw.sensors.temperature = true
INFO    | 	hw.sensors.rgbclight = false
INFO    | 	hw.sensor.hinge = false
INFO    | 	hw.sensor.hinge.count = 0
INFO    | 	hw.sensor.hinge.type = 0
INFO    | 	hw.sensor.hinge.sub_type = 0
INFO    | 	hw.sensor.hinge.fold_to_displayRegion.0.1_at_posture = 1
INFO    | 	hw.sensor.roll = false
INFO    | 	hw.sensor.roll.count = 0
INFO    | 	hw.sensor.roll.resize_to_displayRegion.0.1_at_posture = 6
INFO    | 	hw.sensor.roll.resize_to_displayRegion.0.2_at_posture = 6
INFO    | 	hw.sensor.roll.resize_to_displayRegion.0.3_at_posture = 6
INFO    | 	hw.sensors.heart_rate = false
INFO    | 	hw.sensors.wrist_tilt = false
INFO    | 	hw.useext4 = true
INFO    | 	hw.arc = false
INFO    | 	hw.arc.autologin = false
INFO    | 	hw.device.name = pixel_xl
INFO    | 	kernel.path = /Users/son.vu/Library/Android/sdk/system-images/android-31/default/arm64-v8a//kernel-ranchu
INFO    | 	kernel.newDeviceNaming = yes
INFO    | 	kernel.supportsYaffs2 = no
INFO    | 	disk.ramdisk.path = /Users/son.vu/Library/Android/sdk/system-images/android-31/default/arm64-v8a//ramdisk.img
INFO    | 	disk.systemPartition.initPath = /Users/son.vu/Library/Android/sdk/system-images/android-31/default/arm64-v8a//system.img
INFO    | 	disk.systemPartition.size = 4107m
INFO    | 	disk.vendorPartition.initPath = /Users/son.vu/Library/Android/sdk/system-images/android-31/default/arm64-v8a//vendor.img
INFO    | 	disk.vendorPartition.size = 800m
INFO    | 	disk.dataPartition.path = /Users/son.vu/.android/avd/Pixel_XL.avd/userdata-qemu.img
INFO    | 	disk.dataPartition.size = 6g
INFO    | 	disk.encryptionKeyPartition.path = /Users/son.vu/.android/avd/Pixel_XL.avd/encryptionkey.img
INFO    | 	PlayStore.enabled = false
INFO    | 	avd.name = Pixel_XL
INFO    | 	avd.id = Pixel_XL
INFO    | 	fastboot.forceColdBoot = false
INFO    | 	android.sdk.root = /Users/son.vu/Library/Android/sdk
INFO    | 	android.avd.home = /Users/son.vu/.android/avd
INFO    | .
INFO    | QEMU options list:
INFO    | 	 argv[00] = "/Users/son.vu/Library/Android/sdk/emulator/qemu/darwin-aarch64/qemu-system-aarch64"
INFO    | 	 argv[01] = "-read-only"
INFO    | 	 argv[02] = "-dns-server"
INFO    | 	 argv[03] = "192.168.1.1"
INFO    | 	 argv[04] = "-no-audio"
INFO    | 	 argv[05] = "-serial"
INFO    | 	 argv[06] = "null"
INFO    | 	 argv[07] = "-android-ports"
INFO    | 	 argv[08] = "16076,16077"
INFO    | 	 argv[09] = "-cpu"
INFO    | 	 argv[10] = "cortex-a53"
INFO    | 	 argv[11] = "-machine"
INFO    | 	 argv[12] = "type=virt"
INFO    | 	 argv[13] = "-enable-hvf"
INFO    | 	 argv[14] = "-smp"
INFO    | 	 argv[15] = "cores=4"
INFO    | 	 argv[16] = "-m"
INFO    | 	 argv[17] = "2048"
INFO    | 	 argv[18] = "-lcd-density"
INFO    | 	 argv[19] = "560"
INFO    | 	 argv[20] = "-nodefaults"
INFO    | 	 argv[21] = "-kernel"
INFO    | 	 argv[22] = "/Users/son.vu/Library/Android/sdk/system-images/android-31/default/arm64-v8a//kernel-ranchu"
INFO    | 	 argv[23] = "-initrd"
INFO    | 	 argv[24] = "/Users/son.vu/.android/avd/Pixel_XL.avd/initrd"
INFO    | 	 argv[25] = "-drive"
INFO    | 	 argv[26] = "index=0,id=vendor,if=none,file=/Users/son.vu/Library/Android/sdk/system-images/android-31/default/arm64-v8a//vendor.img,read-only"
INFO    | 	 argv[27] = "-device"
INFO    | 	 argv[28] = "virtio-blk-device,drive=vendor"
INFO    | 	 argv[29] = "-drive"
INFO    | 	 argv[30] = "index=1,id=encrypt,if=none,file=/Users/son.vu/.android/avd/Pixel_XL.avd/encryptionkey.img.qcow2,overlap-check=none,cache=unsafe,l2-cache-size=1048576"
INFO    | 	 argv[31] = "-device"
INFO    | 	 argv[32] = "virtio-blk-device,drive=encrypt"
INFO    | 	 argv[33] = "-drive"
INFO    | 	 argv[34] = "index=2,id=userdata,if=none,file=/Users/son.vu/.android/avd/Pixel_XL.avd/userdata-qemu.img.qcow2,overlap-check=none,cache=unsafe,l2-cache-size=1048576"
INFO    | 	 argv[35] = "-device"
INFO    | 	 argv[36] = "virtio-blk-device,drive=userdata"
INFO    | 	 argv[37] = "-drive"
INFO    | 	 argv[38] = "index=3,id=cache,if=none,file=/Users/son.vu/.android/avd/Pixel_XL.avd/cache.img.qcow2,overlap-check=none,cache=unsafe,l2-cache-size=1048576"
INFO    | 	 argv[39] = "-device"
INFO    | 	 argv[40] = "virtio-blk-device,drive=cache"
INFO    | 	 argv[41] = "-drive"
INFO    | 	 argv[42] = "index=4,id=system,if=none,file=/Users/son.vu/Library/Android/sdk/system-images/android-31/default/arm64-v8a//system.img,read-only"
INFO    | 	 argv[43] = "-device"
INFO    | 	 argv[44] = "virtio-blk-device,drive=system"
INFO    | 	 argv[45] = "-netdev"
INFO    | 	 argv[46] = "user,id=mynet"
INFO    | 	 argv[47] = "-device"
INFO    | 	 argv[48] = "virtio-net-device,netdev=mynet"
INFO    | 	 argv[49] = "-chardev"
INFO    | 	 argv[50] = "null,id=forhvc0"
INFO    | 	 argv[51] = "-chardev"
INFO    | 	 argv[52] = "null,id=forhvc1"
INFO    | 	 argv[53] = "-device"
INFO    | 	 argv[54] = "virtio-serial-pci,ioeventfd=off"
INFO    | 	 argv[55] = "-device"
INFO    | 	 argv[56] = "virtconsole,chardev=forhvc0"
INFO    | 	 argv[57] = "-device"
INFO    | 	 argv[58] = "virtconsole,chardev=forhvc1"
INFO    | 	 argv[59] = "-chardev"
INFO    | 	 argv[60] = "rootcanal,id=rootcanal"
INFO    | 	 argv[61] = "-device"
INFO    | 	 argv[62] = "virtserialport,chardev=rootcanal,name=bluetooth"
INFO    | 	 argv[63] = "-device"
INFO    | 	 argv[64] = "virtio-serial,ioeventfd=off"
INFO    | 	 argv[65] = "-chardev"
INFO    | 	 argv[66] = "socket,port=51669,host=::1,nowait,nodelay,ipv6,id=modem"
INFO    | 	 argv[67] = "-device"
INFO    | 	 argv[68] = "virtserialport,chardev=modem,name=modem"
INFO    | 	 argv[69] = "-device"
INFO    | 	 argv[70] = "virtio-rng-device"
INFO    | 	 argv[71] = "-show-cursor"
INFO    | 	 argv[72] = "-device"
INFO    | 	 argv[73] = "virtio_input_multi_touch_pci_1"
INFO    | 	 argv[74] = "-device"
INFO    | 	 argv[75] = "virtio_input_multi_touch_pci_2"
INFO    | 	 argv[76] = "-device"
INFO    | 	 argv[77] = "virtio_input_multi_touch_pci_3"
INFO    | 	 argv[78] = "-device"
INFO    | 	 argv[79] = "virtio_input_multi_touch_pci_4"
INFO    | 	 argv[80] = "-device"
INFO    | 	 argv[81] = "virtio_input_multi_touch_pci_5"
INFO    | 	 argv[82] = "-device"
INFO    | 	 argv[83] = "virtio_input_multi_touch_pci_6"
INFO    | 	 argv[84] = "-device"
INFO    | 	 argv[85] = "virtio_input_multi_touch_pci_7"
INFO    | 	 argv[86] = "-device"
INFO    | 	 argv[87] = "virtio_input_multi_touch_pci_8"
INFO    | 	 argv[88] = "-device"
INFO    | 	 argv[89] = "virtio_input_multi_touch_pci_9"
INFO    | 	 argv[90] = "-device"
INFO    | 	 argv[91] = "virtio_input_multi_touch_pci_10"
INFO    | 	 argv[92] = "-device"
INFO    | 	 argv[93] = "virtio_input_multi_touch_pci_11"
INFO    | 	 argv[94] = "-device"
INFO    | 	 argv[95] = "virtio-keyboard-pci"
INFO    | 	 argv[96] = "-netdev"
INFO    | 	 argv[97] = "user,id=virtio-wifi,dhcpstart=10.0.2.16"
INFO    | 	 argv[98] = "-device"
INFO    | 	 argv[99] = "virtio-wifi-pci,netdev=virtio-wifi"
INFO    | 	 argv[100] = "-device"
INFO    | 	 argv[101] = "virtio-vsock-pci,guest-cid=77"
INFO    | 	 argv[102] = "-L"
INFO    | 	 argv[103] = "/Users/son.vu/Library/Android/sdk/emulator/lib/pc-bios"
INFO    | 	 argv[104] = "-soundhw"
INFO    | 	 argv[105] = "hda"
INFO    | 	 argv[106] = "-append"
INFO    | 	 argv[107] = "no_timer_check 8250.nr_uarts=1 keep_bootcon earlyprintk=ttyAMA0 console=0 cma=314M@0-4G loop.max_part=7 printk.devkmsg=on bootconfig"
INFO    | 	 argv[108] = "-android-hw"
INFO    | 	 argv[109] = "/tmp/android-son.vu/emulator-IgvzIT"
INFO    | Concatenated QEMU options: /Users/son.vu/Library/Android/sdk/emulator/qemu/darwin-aarch64/qemu-system-aarch64 -read-only -dns-server 192.168.1.1 -no-audio -serial null -android-ports 16076,16077 -cpu cortex-a53 -machine type=virt -enable-hvf -smp cores=4 -m 2048 -lcd-density 560 -nodefaults -kernel /Users/son.vu/Library/Android/sdk/system-images/android-31/default/arm64-v8a//kernel-ranchu -initrd /Users/son.vu/.android/avd/Pixel_XL.avd/initrd -drive index=0,id=vendor,if=none,file=/Users/son.vu/Library/Android/sdk/system-images/android-31/default/arm64-v8a//vendor.img,read-only -device virtio-blk-device,drive=vendor -drive index=1,id=encrypt,if=none,file=/Users/son.vu/.android/avd/Pixel_XL.avd/encryptionkey.img.qcow2,overlap-check=none,cache=unsafe,l2-cache-size=1048576 -device virtio-blk-device,drive=encrypt -drive index=2,id=userdata,if=none,file=/Users/son.vu/.android/avd/Pixel_XL.avd/userdata-qemu.img.qcow2,overlap-check=none,cache=unsafe,l2-cache-size=1048576 -device virtio-blk-device,drive=userdata -drive index=3,id=cache,if=none,file=/Users/son.vu/.android/avd/Pixel_XL.avd/cache.img.qcow2,overlap-check=none,cache=unsafe,l2-cache-size=1048576 -device virtio-blk-device,drive=cache -drive index=4,id=system,if=none,file=/Users/son.vu/Library/Android/sdk/system-images/android-31/default/arm64-v8a//system.img,read-only -device virtio-blk-device,drive=system -netdev user,id=mynet -device virtio-net-device,netdev=mynet -chardev null,id=forhvc0 -chardev null,id=forhvc1 -device virtio-serial-pci,ioeventfd=off -device virtconsole,chardev=forhvc0 -device virtconsole,chardev=forhvc1 -chardev rootcanal,id=rootcanal -device virtserialport,chardev=rootcanal,name=bluetooth -device virtio-serial,ioeventfd=off -chardev socket,port=51669,host=::1,nowait,nodelay,ipv6,id=modem -device virtserialport,chardev=modem,name=modem -device virtio-rng-device -show-cursor -device virtio_input_multi_touch_pci_1 -device virtio_input_multi_touch_pci_2 -device virtio_input_multi_touch_pci_3 -device virtio_input_multi_touch_pci_4 -d
VERBOSE | Starting hostapd main loop.
VERBOSE | Android qemu version 32.1.11.0 (build_id 9536276) (CL:N/A)
VERBOSE | Starting QEMU main loop
VERBOSE | registered 'boot-properties' qemud service
VERBOSE | Adding boot property: 'ro.opengles.version' = '196608'
VERBOSE | Adding boot property: 'qemu.sf.fake_camera' = 'front'
VERBOSE | Adding boot property: 'dalvik.vm.heapsize' = '512m'
VERBOSE | Adding boot property: 'qemu.hw.mainkeys' = '0'
VERBOSE | Adding boot property: 'qemu.sf.lcd_density' = '560'
VERBOSE | goldfish_events.have-dpad: false
VERBOSE | goldfish_events.have-trackball: false
VERBOSE | goldfish_events.have-camera: true
VERBOSE | goldfish_events.have-keyboard: false
VERBOSE | goldfish_events.have-lidswitch: false
VERBOSE | goldfish_events.have-tabletmode: false
VERBOSE | goldfish_events.have-touch: false
VERBOSE | goldfish_events.have-multitouch: false
VERBOSE | Adding boot property: 'net.wifi_mac_prefix' = '16076'
WARNING | Requested adb port (16077) is outside the recommended range [5555,5586]. ADB may not function properly for the emulator. See -help-port for details.
VERBOSE | Not using any http proxy
VERBOSE | Adding boot property: 'qemu.timezone' = 'Asia/Ho_Chi_Minh'
VERBOSE | android_hw_fingerprint_init: fingerprint qemud listen service initialized
VERBOSE | emulator_window_fb_rotate
INFO    | Setting display: 0 configuration to: 1440x2560, dpi: 560x560 
VERBOSE | config multidisplay with config.ini 0x0 0x0 0x0
VERBOSE | Path:/Users/son.vu/Library/Android/sdk/platform-tools/adb protocol version: 41
VERBOSE | INFO: ignore sdcard for arm at api level >= 30
VERBOSE | Path:/Users/son.vu/Library/Android/sdk/platform-tools/adb protocol version: 41
VERBOSE | Path:/Users/son.vu/Library/Android/sdk/platform-tools/adb protocol version: 41
VERBOSE | Found: 3 adb executables
VERBOSE | Adb: /Users/son.vu/Library/Android/sdk/platform-tools/adb
VERBOSE | Adb: /Users/son.vu/Library/Android/sdk/platform-tools/adb (2x)
VERBOSE | Path:/Users/son.vu/Library/Android/sdk/platform-tools/adb protocol version: 41
VERBOSE | Path:/Users/son.vu/Library/Android/sdk/platform-tools/adb protocol version: 41 (2x)
INFO    | Your emulator is out of date, please update by launching Android Studio:
 - Start Android Studio
 - Select menu "Tools > Android > SDK Manager"
 - Click "SDK Tools" tab
 - Check "Android Emulator" checkbox
 - Click "OK"
VERBOSE | Adding boot property: 'ro.opengles.version' = '196608'
VERBOSE | Adding boot property: 'qemu.sf.fake_camera' = 'front'
VERBOSE | Adding boot property: 'dalvik.vm.heapsize' = '512m'
VERBOSE | Adding boot property: 'qemu.hw.mainkeys' = '0'
VERBOSE | Adding boot property: 'qemu.sf.lcd_density' = '560'
VERBOSE | Adding boot property: 'net.wifi_mac_prefix' = '5554'
VERBOSE | Adding boot property: 'qemu.timezone' = 'Asia/Ho_Chi_Minh'
VERBOSE | Registering pipe service multidisplay
VERBOSE | MultiDisplayPipe created 0x600002270b60
VERBOSE | _hwFingerprint_connect: connect finger print listen is called
INFO    | Warning: QMetaObject::connectSlotsByName: No matching signal for on_rgbcSensorValueWidget_valueChanged() ((null):0, (null))
INFO    | Warning: QMetaObject::connectSlotsByName: No matching signal for on_posture_valueChanged(int) ((null):0, (null))
INFO    | Wait for emulator (pid 52358) 20 seconds to shutdown gracefully before kill;you can set environment variable ANDROID_EMULATOR_WAIT_TIME_BEFORE_KILL(in seconds) to change the default value (20 seconds)
WARNING | Discarding the changed state (command-line flag).
INFO    | Info: 

GLImplementation: 
Surface Type: OpenGL
Surface Profile: CoreProfile
Surface Version: 4.1
Using Default SG Backend: no
Using Software Dynamic GL: no
Using Angle: no

Init Parameters:
  *  application-name Emulator 
  *  browser-subprocess-path /Users/son.vu/Library/Android/sdk/emulator/lib64/qt/libexec/QtWebEngineProcess 
  *  disable-features DnsOverHttpsUpgrade,ConsolidatedMovementXY,InstalledApp,BackgroundFetch,WebOTP,WebPayments,WebUSB,PictureInPicture 
  *  disable-gpu  
  *  disable-speech-api  
  *  enable-features TracingServiceInProcess 
  *  enable-threaded-compositing  
 ((null):0, (null))
VERBOSE | Done with QEMU main loop
VERBOSE | User-config was not changed.
VERBOSE | sending STOP to modem simulator host server
VERBOSE | received exit request from parent process
VERBOSE | Adb transition disconnected -> disconnected
